<?xml version="1.0" encoding="UTF-8"?>
<!-- Generated by org.testng.reporters.JUnitReportReporter -->
<testsuite skipped="0" hostname="DESKTOP-ODTDMBS" name="org.grouping.A" tests="7" failures="0" timestamp="28 Jul 2021 16:38:16 GMT" time="0.016" errors="0">
  <testcase name="testA1" time="0.008" classname="org.grouping.A"/>
  <testcase name="testA2" time="0.002" classname="org.grouping.A"/>
  <testcase name="testA9" time="0.001" classname="org.grouping.A"/>
  <testcase name="testA7" time="0.001" classname="org.grouping.A"/>
  <testcase name="testA6" time="0.001" classname="org.grouping.A"/>
  <testcase name="testA5" time="0.001" classname="org.grouping.A"/>
  <testcase name="testA3" time="0.002" classname="org.grouping.A"/>
</testsuite> <!-- org.grouping.A -->
