<?xml version="1.0" encoding="UTF-8"?>
<!-- Generated by org.testng.reporters.JUnitReportReporter -->
<testsuite skipped="0" hostname="DESKTOP-ODTDMBS" name="org.test.Adactin" tests="1" failures="0" timestamp="24 Jul 2021 16:42:30 GMT" time="0.814" errors="0">
  <testcase name="test1" time="0.814" classname="org.test.Adactin"/>
</testsuite> <!-- org.test.Adactin -->
