<?xml version="1.0" encoding="UTF-8"?>
<!-- Generated by org.testng.reporters.JUnitReportReporter -->
<testsuite skipped="0" hostname="DESKTOP-ODTDMBS" name="org.dataProvider.A" tests="6" failures="0" timestamp="26 Jul 2021 05:34:15 GMT" time="0.011" errors="0">
  <testcase name="testA1" time="0.001" classname="org.dataProvider.A"/>
  <testcase name="testA1" time="0.000" classname="org.dataProvider.A"/>
  <testcase name="testA1" time="0.006" classname="org.dataProvider.A"/>
  <testcase name="testA2" time="0.001" classname="org.dataProvider.A"/>
  <testcase name="testA1" time="0.002" classname="org.dataProvider.A"/>
  <testcase name="testA3" time="0.001" classname="org.dataProvider.A"/>
</testsuite> <!-- org.dataProvider.A -->
