<?xml version="1.0" encoding="UTF-8"?>
<!-- Generated by org.testng.reporters.JUnitReportReporter -->
<testsuite skipped="0" hostname="DESKTOP-ODTDMBS" name="org.test.Sample" tests="3" failures="0" timestamp="24 Jul 2021 11:54:37 GMT" time="0.010" errors="0">
  <testcase name="test2" time="0.001" classname="org.test.Sample"/>
  <testcase name="test1" time="0.006" classname="org.test.Sample"/>
  <testcase name="test3" time="0.003" classname="org.test.Sample"/>
</testsuite> <!-- org.test.Sample -->
