<?xml version="1.0" encoding="UTF-8"?>
<!-- Generated by org.testng.reporters.JUnitReportReporter -->
<testsuite skipped="0" hostname="DESKTOP-ODTDMBS" name="org.test.SearchHotel" tests="1" failures="0" timestamp="21 Jul 2021 10:58:16 GMT" time="0.008" errors="0">
  <testcase name="test3" time="0.008" classname="org.test.SearchHotel"/>
</testsuite> <!-- org.test.SearchHotel -->
