<?xml version="1.0" encoding="UTF-8"?>
<!-- Generated by org.testng.reporters.JUnitReportReporter -->
<testsuite skipped="0" hostname="DESKTOP-ODTDMBS" name="org.parameter.A" tests="2" failures="0" timestamp="25 Jul 2021 17:03:28 GMT" time="0.012" errors="0">
  <testcase name="testA2" time="0.001" classname="org.parameter.A"/>
  <testcase name="testA1" time="0.011" classname="org.parameter.A"/>
</testsuite> <!-- org.parameter.A -->
