<?xml version="1.0" encoding="UTF-8"?>
<!-- Generated by org.testng.reporters.JUnitReportReporter -->
<testsuite skipped="0" hostname="DESKTOP-ODTDMBS" name="org.dataProvider.B" tests="4" failures="0" timestamp="26 Jul 2021 05:50:55 GMT" time="0.020" errors="0">
  <testcase name="testA2" time="0.001" classname="org.dataProvider.B"/>
  <testcase name="testA3" time="0.001" classname="org.dataProvider.B"/>
  <testcase name="testA1" time="0.009" classname="org.dataProvider.B"/>
  <testcase name="testA1" time="0.009" classname="org.dataProvider.B"/>
</testsuite> <!-- org.dataProvider.B -->
