<?xml version="1.0" encoding="UTF-8"?>
<!-- Generated by org.testng.reporters.JUnitReportReporter -->
<testsuite skipped="0" hostname="DESKTOP-ODTDMBS" name="org.test.A" tests="9" failures="0" timestamp="28 Jul 2021 15:45:54 GMT" time="0.018" errors="0">
  <testcase name="testA1" time="0.008" classname="org.test.A"/>
  <testcase name="testA8" time="0.001" classname="org.test.A"/>
  <testcase name="testA7" time="0.001" classname="org.test.A"/>
  <testcase name="testA9" time="0.002" classname="org.test.A"/>
  <testcase name="testA3" time="0.001" classname="org.test.A"/>
  <testcase name="testA6" time="0.000" classname="org.test.A"/>
  <testcase name="testA5" time="0.001" classname="org.test.A"/>
  <testcase name="testA4" time="0.001" classname="org.test.A"/>
  <testcase name="testA2" time="0.003" classname="org.test.A"/>
</testsuite> <!-- org.test.A -->
